

Version:	3.50
CmdLine:	C:\Users\Volodymyr\Desktop\OblikCars\out\artifacts\OblikCars_jar\program.exe --l4j-debug
JNI:		No
WOW64:		Yes
Working dir:	C:\Users\Volodymyr\Desktop\OblikCars\out\artifacts\OblikCars_jar\.
Requires JDK:	No
Requires 64-Bit: No
Java min ver:	
Java max ver:	
Substitute:	JAVA_HOME = 
Substitute:	PATH = C:\Users\Volodymyr\AppData\Local\Programs\Python\Python313\Scripts\;C:\Users\Volodymyr\AppData\Local\Programs\Python\Python313\;C:\Program Files\Common Files\Oracle\Java\javapath;C:\Program Files (x86)\Common Files\Oracle\Java\java8path;C:\Program Files (x86)\Common Files\Oracle\Java\javapath;C:\Program Files (x86)\Common Files\Intel\Shared Libraries\redist\intel64\compiler;C:\WINDOWS\system32;C:\WINDOWS;C:\WINDOWS\System32\Wbem;C:\WINDOWS\System32\WindowsPowerShell\v1.0\;C:\WINDOWS\System32\OpenSSH\;C:\Program Files\NVIDIA Corporation\NVIDIA app\NvDLISR;C:\Program Files (x86)\NVIDIA Corporation\PhysX\Common;C:\Program Files\Git\cmd;C:\Program Files\nodejs\;C:\ProgramData\chocolatey\bin;C:\Program Files\MySQL\MySQL Shell 8.0\bin\;C:\Users\Volodymyr\AppData\Local\Microsoft\WindowsApps;C:\Program Files\JetBrains\IntelliJ IDEA 2024.3.1.1\bin;;C:\Program Files\JetBrains\PyCharm 2024.3.1.1\bin;;C:\Users\Volodymyr\AppData\Local\GitHubDesktop\bin;C:\Users\Volodymyr\AppData\Roaming\npm;C:\Users\Volodymyr\AppData\Local\Programs\Microsoft VS Code\bin;C:\Program Files\Java\jdk-12.0.2\bin
JRE paths:	;C:\Users\Volodymyr\AppData\Local\Programs\Python\Python313\Scripts\;C:\Users\Volodymyr\AppData\Local\Programs\Python\Python313\;C:\Program Files\Common Files\Oracle\Java\javapath;C:\Program Files (x86)\Common Files\Oracle\Java\java8path;C:\Program Files (x86)\Common Files\Oracle\Java\javapath;C:\Program Files (x86)\Common Files\Intel\Shared Libraries\redist\intel64\compiler;C:\WINDOWS\system32;C:\WINDOWS;C:\WINDOWS\System32\Wbem;C:\WINDOWS\System32\WindowsPowerShell\v1.0\;C:\WINDOWS\System32\OpenSSH\;C:\Program Files\NVIDIA Corporation\NVIDIA app\NvDLISR;C:\Program Files (x86)\NVIDIA Corporation\PhysX\Common;C:\Program Files\Git\cmd;C:\Program Files\nodejs\;C:\ProgramData\chocolatey\bin;C:\Program Files\MySQL\MySQL Shell 8.0\bin\;C:\Users\Volodymyr\AppData\Local\Microsoft\WindowsApps;C:\Program Files\JetBrains\IntelliJ IDEA 2024.3.1.1\bin;;C:\Program Files\JetBrains\PyCharm 2024.3.1.1\bin;;C:\Users\Volodymyr\AppData\Local\GitHubDesktop\bin;C:\Users\Volodymyr\AppData\Roaming\npm;C:\Users\Volodymyr\AppData\Local\Programs\Microsoft VS Code\bin;C:\Program Files\Java\jdk-12.0.2\bin
Check launcher:	C:\Users\Volodymyr\AppData\Local\Programs\Python\Python313\Scripts\bin\javaw.exe (not found)
Check launcher:	C:\Users\Volodymyr\AppData\Local\Programs\Python\Python313\bin\javaw.exe (not found)
Check launcher:	C:\Program Files\Common Files\Oracle\Java\javapath\bin\javaw.exe (not found)
Check launcher:	C:\Program Files (x86)\Common Files\Oracle\Java\java8path\bin\javaw.exe (not found)
Check launcher:	C:\Program Files (x86)\Common Files\Oracle\Java\javapath\bin\javaw.exe (not found)
Check launcher:	C:\Program Files (x86)\Common Files\Intel\Shared Libraries\redist\intel64\compiler\bin\javaw.exe (not found)
Check launcher:	C:\WINDOWS\system32\bin\javaw.exe (not found)
Check launcher:	C:\WINDOWS\bin\javaw.exe (not found)
Check launcher:	C:\WINDOWS\System32\Wbem\bin\javaw.exe (not found)
Check launcher:	C:\WINDOWS\System32\WindowsPowerShell\v1.0\bin\javaw.exe (not found)
Check launcher:	C:\WINDOWS\System32\OpenSSH\bin\javaw.exe (not found)
Check launcher:	C:\Program Files\NVIDIA Corporation\NVIDIA app\NvDLISR\bin\javaw.exe (not found)
Check launcher:	C:\Program Files (x86)\NVIDIA Corporation\PhysX\Common\bin\javaw.exe (not found)
Check launcher:	C:\Program Files\Git\cmd\bin\javaw.exe (not found)
Check launcher:	C:\Program Files\nodejs\bin\javaw.exe (not found)
Check launcher:	C:\ProgramData\chocolatey\bin\javaw.exe (not found)
Check launcher:	C:\Program Files\MySQL\MySQL Shell 8.0\bin\bin\javaw.exe (not found)
Check launcher:	C:\Users\Volodymyr\AppData\Local\Microsoft\WindowsApps\bin\javaw.exe (not found)
Check launcher:	C:\Program Files\JetBrains\IntelliJ IDEA 2024.3.1.1\bin\javaw.exe (not found)
Check launcher:	C:\Program Files\JetBrains\PyCharm 2024.3.1.1\bin\javaw.exe (not found)
Check launcher:	C:\Users\Volodymyr\AppData\Local\GitHubDesktop\bin\javaw.exe (not found)
Check launcher:	C:\Users\Volodymyr\AppData\Roaming\npm\bin\javaw.exe (not found)
Check launcher:	C:\Users\Volodymyr\AppData\Local\Programs\Microsoft VS Code\bin\javaw.exe (not found)
Check launcher:	C:\Program Files\Java\jdk-12.0.2\bin\javaw.exe (OK)
Version string: 1.012.000_002 / 64-Bit (OK)
Launcher:	C:\Program Files\Java\jdk-12.0.2\bin\javaw.exe
Launcher args:	-jar "C:\Users\Volodymyr\Desktop\OblikCars\out\artifacts\OblikCars_jar\program.exe"
Args length:	83/32768 chars
Exit code:	0


Version:	3.50
CmdLine:	C:\Users\Volodymyr\Desktop\OblikCars\out\artifacts\OblikCars_jar\program.exe --l4j-debug
JNI:		No
WOW64:		Yes
Working dir:	C:\Users\Volodymyr\Desktop\OblikCars\out\artifacts\OblikCars_jar\.
Requires JDK:	No
Requires 64-Bit: No
Java min ver:	
Java max ver:	
JRE paths:	C:\Program Files\Java\jdk-23
Check launcher:	C:\Program Files\Java\jdk-23\bin\javaw.exe (OK)
Version string: 1.023.000_002 / 64-Bit (OK)
Launcher:	C:\Program Files\Java\jdk-23\bin\javaw.exe
Launcher args:	-jar "C:\Users\Volodymyr\Desktop\OblikCars\out\artifacts\OblikCars_jar\program.exe"
Args length:	83/32768 chars
Exit code:	0


Version:	3.50
CmdLine:	C:\Users\Volodymyr\Desktop\projects\OblikCars\out\artifacts\OblikCars_jar\program.exe --l4j-debug
JNI:		No
WOW64:		Yes
Working dir:	C:\Users\Volodymyr\Desktop\projects\OblikCars\out\artifacts\OblikCars_jar\.
Requires JDK:	No
Requires 64-Bit: No
Java min ver:	
Java max ver:	
JRE paths:	C:\Program Files\Java\jdk-23
Check launcher:	C:\Program Files\Java\jdk-23\bin\javaw.exe (OK)
Version string: 1.023.000_002 / 64-Bit (OK)
Launcher:	C:\Program Files\Java\jdk-23\bin\javaw.exe
Launcher args:	-jar "C:\Users\Volodymyr\Desktop\projects\OblikCars\out\artifacts\OblikCars_jar\program.exe"
Args length:	92/32768 chars
Exit code:	0
